{
   "schedule": {
      "weekday": [
         {
            "name": "СР",
            "item": [
               {
                  "time": "08:20-09:50",
                  "group": "Информ 1.16 (P3131)",
                  "teacher": "Балакшин Павел Валерьевич",
                  "room": "Ауд. Актовый зал (1216/0 (усл)), ул.Ломоносова, д.9, лит. М",
                  "lesson": "Информатика (лекция)",
                  "lesson-format": "Очно"
               },
               {
                  "time": "10:00-11:30",
                  "group": "Осн Проф деят 1.21 (Р3131)",
                  "teacher": "Клименков Сергей Викторович",
                  "room": "Ауд. Актовый зал (1216/0 (усл)), ул.Ломоносова, д.9, лит. М",
                  "lesson": "Основы профессиональной деятельности (лекция)",
                  "lesson-format": "Очно"
               },
               {
                  "time": "13:30-15:00",
                  "group": "Прог 1.21 (Р3131)",
                  "teacher": "Наумова Надежда Александровна",
                  "room": "Ауд. 1415, Кронверкский пр., д.49, лит.А",
                  "lesson": "Программирование (лабораторная)",
                  "lesson-format": "Очно"
               },
               {
                  "time": "15:20-16:50",
                  "group": "Прог 1.21 (Р3131)",
                  "teacher": "Наумова Надежда Александровна",
                  "room": "Ауд. 1415, Кронверкский пр., д.49, лит.А",
                  "lesson": "Программирование (лабораторная)",
                  "lesson-format": "Очно"
               }
            ]
         },
         {
            "name": "СБ",
            "item": [
               {
                  "time": "08:20-09:50",
                  "group": "Лин Алг 5.1",
                  "teacher": "Свинцов Михаил Викторович",
                  "lesson": "Линейная алгебра (лекция)",
                  "lesson-format": "Дистанционно"
               },
               {
                  "time": "13:30-15:00",
                  "group": "Осн Проф деят 1.21 (Р3131)",
                  "teacher": "Обляшевский Севастьян Александрович",
                  "room": "Ауд. 2112, Кронверкский пр., д.49, лит.А",
                  "lesson": "Основы профессиональной деятельности (лабораторная)",
                  "lesson-format": "Очно"
               },
               {
                  "time": "15:20-16:50",
                  "group": "Осн Проф деят 1.21 (Р3131)",
                  "teacher": "Обляшевский Севастьян Александрович",
                  "room": "Ауд. 2112, Кронверкский пр., д.49, лит.А",
                  "lesson": "Основы профессиональной деятельности (лабораторная)",
                  "lesson-format": "Очно"
               }
            ]
         }
      ]
   }
}