В локации Планета Земля новый посетитель: Коротышка Пилюлькин.
У Коротышка Пилюлькин появилась новая работа: Доктор.
В локации Планета Земля новый посетитель: Коротышка Пончик.
Коротышка Пончик обновил своё состояние: SHOCKED.
Коротышка Пилюлькин поработал 1-й день в качестве Доктор.
Коротышка Пончик присел на объект Стул.
В Тарелка[] помещён объект Борщ.
В Стол[] помещён объект Тарелка[Борщ].
В Тарелка[] помещён объект Каша.
В Стол[Тарелка[Борщ]] помещён объект Тарелка[Каша].
Коротышка Пончик рассматривает Стол[Тарелка[Борщ], Тарелка[Каша]] на наличие съестного.
Коротышка Пончик рассматривает Тарелка[Борщ] на наличие съестного.
Коротышка Пончик быстро упитал Борщ.
Из Тарелка[Борщ] убран объект Борщ.
Коротышка Пончик рассматривает Тарелка[Каша] на наличие съестного.
Коротышка Пончик быстро упитал Каша.
Коротышка Пончик обновил своё состояние: NORMAL.
Из Тарелка[Каша] убран объект Каша.
Коротышка Пончик встал с объекта Стул.
В локации Планета Земля новый посетитель: Коротышка Незнайка.
В БагажныйОтсек[] помещён объект Картошка.
В БагажныйОтсек[Картошка] помещён объект Картошка.
В БагажныйОтсек[Картошка, Картошка] помещён объект Картошка.
В БагажныйОтсек[Картошка, Картошка, Картошка] помещён объект Картошка.
Коротышка Незнайка присел на объект ПассажирскоеСиденье.
Коротышка Пончик присел на объект ПассажирскоеСиденье.
Транспорт Ракета прибыл в локацию Луна.
Из локации Планета Земля ушёл посетитель: Коротышка Незнайка.
В локации Луна новый посетитель: Коротышка Незнайка.
Из локации Планета Земля ушёл посетитель: Коротышка Пончик.
В локации Луна новый посетитель: Коротышка Пончик.
Коротышка Незнайка встал с объекта ПассажирскоеСиденье.
Коротышка Пончик встал с объекта ПассажирскоеСиденье.
Из локации Луна ушёл посетитель: Коротышка Незнайка.
В локации Луна, Пещера новый посетитель: Коротышка Незнайка.
Из локации Луна ушёл посетитель: Коротышка Пончик.
В локации Луна, Пещера новый посетитель: Коротышка Пончик.
Из локации Луна, Пещера ушёл посетитель: Коротышка Незнайка.
В локации Луна, Пещера, Подлунный мир новый посетитель: Коротышка Незнайка.
Список живых сущностей в локации Луна, Пещера:
[Коротышка Пончик]
Из локации Луна, Пещера ушёл посетитель: Коротышка Пончик.
В локации Луна новый посетитель: Коротышка Пончик.
Коротышка Пончик присел на объект ПассажирскоеСиденье.
Коротышка Пончик рассматривает БагажныйОтсек[Картошка, Картошка, Картошка, Картошка] на наличие съестного.
Коротышка Пончик съел Картошка.
[E] Шкала насыщения сущности Коротышка Пончик переполнена, невозможно съесть Картошка.
Из БагажныйОтсек[Картошка, Картошка, Картошка, Картошка] убран объект Картошка.
Коротышка Пончик немного отдохнул.
Коротышка Пончик рассматривает БагажныйОтсек[Картошка, Картошка, Картошка] на наличие съестного.
Коротышка Пончик съел Картошка.
[E] Шкала насыщения сущности Коротышка Пончик переполнена, невозможно съесть Картошка.
Из БагажныйОтсек[Картошка, Картошка, Картошка] убран объект Картошка.
Коротышка Пончик немного отдохнул.
Коротышка Пончик рассматривает БагажныйОтсек[Картошка, Картошка] на наличие съестного.
Коротышка Пончик съел Картошка.
[E] Шкала насыщения сущности Коротышка Пончик переполнена, невозможно съесть Картошка.
Из БагажныйОтсек[Картошка, Картошка] убран объект Картошка.
Коротышка Пончик немного отдохнул.
Коротышка Пончик рассматривает БагажныйОтсек[Картошка] на наличие съестного.
Коротышка Пончик съел Картошка.
Из БагажныйОтсек[Картошка] убран объект Картошка.
Коротышка Пончик немного отдохнул.
Коротышка Пончик встал с объекта ПассажирскоеСиденье.
Из локации Луна ушёл посетитель: Коротышка Пончик.
В локации Луна, Пещера новый посетитель: Коротышка Пончик.
Из локации Луна, Пещера ушёл посетитель: Коротышка Пончик.
В локации Луна, Пещера, Подлунный мир новый посетитель: Коротышка Пончик.
Из локации Луна, Пещера, Подлунный мир ушёл посетитель: Коротышка Пончик.
В локации Луна, Пещера, Подлунный мир, Город Лос-Паганос новый посетитель: Коротышка Пончик.
Коротышка Пончик продал объект Соль, получив 120.00 у.е.
Коротышка Пончик продал объект Соль, получив 120.00 у.е.
Коротышка Пончик продал объект Соль, получив 120.00 у.е.
Коротышка Пончик продал объект Соль, получив 120.00 у.е.
Коротышка Пончик продал объект Соль, получив 120.00 у.е.
Коротышка Пончик продал объект Соль, получив 120.00 у.е.
Коротышка Пончик продал объект Соль, получив 120.00 у.е.
Коротышка Пончик продал объект Соль, получив 120.00 у.е.
Коротышка Пончик продал объект Соль, получив 120.00 у.е.
Коротышка Пончик продал объект Соль, получив 120.00 у.е.
Коротышка Пончик купил объект Суши, потратив 1200.00 у.е.
Текущий баланс Коротышка Пончик: 0.00 у.е.
У Коротышка Пончик появилась новая работа: Рабочий чёртового колеса.
Коротышка Пончик поработал 1-й день в качестве Рабочий чёртового колеса.
Коротышка Пончик съел Съестное.
Коротышка Пончик поработал 2-й день в качестве Рабочий чёртового колеса.
Коротышка Пончик съел Съестное.
Коротышка Пончик поработал 3-й день в качестве Рабочий чёртового колеса.
Коротышка Пончик съел Съестное.
Коротышка Пончик поработал 4-й день в качестве Рабочий чёртового колеса.
Коротышка Пончик съел Съестное.
Коротышка Пончик поработал 5-й день в качестве Рабочий чёртового колеса.
Коротышка Пончик получил свою зарплату в размере: 120.50 у.е.
Коротышка Пончик съел Съестное.
Коротышка Пончик поработал 1-й день в качестве Рабочий чёртового колеса.
[E] Шкала насыщения сущности Коротышка Пончик переполнена, невозможно съесть Съестное.
Коротышка Пончик поработал 2-й день в качестве Рабочий чёртового колеса.
Коротышка Пончик съел Съестное.
У Коротышка Пончик появился новый социальный статус: Член Общество свободных крутильщиков.
