### Ally: Sneasel (1 lvl), Mesprit (1 lvl), Weavile (1 lvl)
### Foe: Poliwag (1 lvl), Poliwhirl (1 lvl), Politoed (1 lvl)

### Logs:

Sneasel Снизл из команды красных вступает в бой!
Poliwag Поливэг из команды белых вступает в бой!
Sneasel Снизл uses Flying. 
Poliwag Поливэг теряет 5 здоровья.

Poliwag Поливэг uses Bubble Beam. 
Sneasel Снизл теряет 4 здоровья.

Sneasel Снизл uses Swords Dance. 
Sneasel Снизл увеличивает атаку.

Poliwag Поливэг uses Bubble Beam. 
Sneasel Снизл теряет 7 здоровья.

Sneasel Снизл uses Low Sweep. 
Poliwag Поливэг теряет 5 здоровья.

Poliwag Поливэг uses Confide. 
Sneasel Снизл уменьшает специальную атаку.

Poliwag Поливэг uses Confide. 
Sneasel Снизл уменьшает специальную атаку.

Sneasel Снизл uses Swords Dance. 
Sneasel Снизл увеличивает атаку.

Poliwag Поливэг uses Confide. 
Sneasel Снизл уменьшает специальную атаку.

Sneasel Снизл uses Swords Dance. 
Sneasel Снизл увеличивает атаку.

Poliwag Поливэг uses Bubble Beam. 
Sneasel Снизл теряет 6 здоровья.
Sneasel Снизл теряет сознание.
Mesprit Месприт из команды красных вступает в бой!
Poliwag Поливэг uses Bubble Beam. 
Mesprit Месприт теряет 4 здоровья.

Mesprit Месприт uses Facade. 
Poliwag Поливэг теряет 6 здоровья.
Poliwag Поливэг теряет сознание.
Poliwhirl Поливирл из команды белых вступает в бой!
Poliwhirl Поливирл uses Bubble. 
Mesprit Месприт теряет 5 здоровья.

Mesprit Месприт uses Facade. 
Poliwhirl Поливирл теряет 4 здоровья.

Poliwhirl Поливирл uses Bubble. 
Mesprit Месприт теряет 5 здоровья.
Mesprit Месприт теряет сознание.
Weavile Вивиль из команды красных вступает в бой!
Weavile Вивиль uses Swords Dance. 
Weavile Вивиль увеличивает атаку.

Poliwhirl Поливирл uses Confide. 
Weavile Вивиль уменьшает специальную атаку.

Weavile Вивиль uses Flying. 
Poliwhirl Поливирл теряет 3 здоровья.

Poliwhirl Поливирл uses Bubble Beam. 
Weavile Вивиль теряет 5 здоровья.

Weavile Вивиль uses Nasty Plot. 
Weavile Вивиль увеличивает специальную атаку.

Poliwhirl Поливирл uses Bubble. 
Weavile Вивиль теряет 5 здоровья.

Weavile Вивиль uses Nasty Plot. 
Weavile Вивиль увеличивает специальную атаку.

Poliwhirl Поливирл uses Bubble. 
Weavile Вивиль теряет 4 здоровья.
Weavile Вивиль теряет сознание.
В команде красных не осталось покемонов.
Команда белых побеждает в этом бою!